<?xml version="1.0" encoding="UTF-8" standalone="no"?>
<testsuite failures="2" name="cucumber.runtime.formatter.JUnitFormatter" skipped="0" tests="28" time="1140.723014">
    <testcase classname="Validate application login Page with India Region functionality" name="To validate application login page with Indian Region" time="62.999459">
        <system-out><![CDATA[Given Launch the url with Indian Region.....................................passed
When Click on Chrome Extensions.............................................passed
And Click on Pin From Chrome Extensions.....................................passed
And Click on RevDriver by SalesIntel........................................passed
And Switch To Frame with Indian Region......................................passed
And Enter the UserName with Indian Region...................................passed
And Enter the Password with Indian Region...................................passed
And Click on Login CTA with Indian Region...................................passed
And Close the Browser with Indian Region....................................passed
]]></system-out>
    </testcase>
    <testcase classname="Validate application login Page with US Region functionality" name="To validate application login page with US Region" time="60.015506">
        <system-out><![CDATA[Given Launch the url with US Region.........................................passed
When Click on Chrome Extensions.............................................passed
And Click on Pin From Chrome Extensions.....................................passed
And Click on RevDriver by SalesIntel........................................passed
And Switch To Frame with US Region..........................................passed
And Enter the UserName with US Region.......................................passed
And Enter the Password with US Region.......................................passed
And Click on Login CTA with US Region.......................................passed
And Close the Browser with US Region........................................passed
]]></system-out>
    </testcase>
    <testcase classname="Validate application login Page with UK Region functionality" name="To validate application login page with UK Region" time="65.057394">
        <system-out><![CDATA[Given Launch the url with UK Region.........................................passed
When Click on Chrome Extensions.............................................passed
And Click on Pin From Chrome Extensions.....................................passed
And Click on RevDriver by SalesIntel........................................passed
And Switch To Frame with UK Region..........................................passed
And Enter the UserName with UK Region.......................................passed
And Enter the Password with UK Region.......................................passed
And Click on Login CTA with UK Region.......................................passed
And Close the Browser with UK Region........................................passed
]]></system-out>
    </testcase>
    <testcase classname="Validate application Customer Details-login page" name="To validate application login page" time="50.17221">
        <system-out><![CDATA[Given Launch the url........................................................passed
When Click on Chrome Extensions.............................................passed
And Click on Pin From Chrome Extensions.....................................passed
And Click on RevDriver by SalesIntel........................................passed
And Switch To Frame.........................................................passed
And Enter the UserName......................................................passed
And Enter the Password......................................................passed
And Click on Login CTA......................................................passed
]]></system-out>
    </testcase>
    <testcase classname="Validate application Customer Details-Contact's Name Functionality" name="To validate application 1st Contact's Name" time="24.211986">
        <system-out><![CDATA[When Click on Filter Button.................................................passed
And Click on Contacts Email Button..........................................passed
And Enter the Firstname.....................................................passed
And Enter the Lastname......................................................passed
And Click on Search Button..................................................passed
And Click on Reveal Button..................................................passed
And Click on Cancel Button..................................................passed
And Wait Till Page Load To Display Select All Data..........................passed
]]></system-out>
    </testcase>
    <testcase classname="Validate application Customer Details-Contact's Name Functionality" name="To validate application 2nd Contact's Name" time="24.888702">
        <system-out><![CDATA[When Click on Filter Button.................................................passed
And Click on Contacts Email Button..........................................passed
And Enter the 2nd Contacts Firstname........................................passed
And Enter the 2nd Contacts Lastname.........................................passed
And Click on Search Button..................................................passed
And Click on Reveal Button..................................................passed
And Click on Cancel Button..................................................passed
And Wait Till Page Load To Display Select All Data..........................passed
]]></system-out>
    </testcase>
    <testcase classname="Validate application Customer Details-Contact's Email Functionality" name="To validate application 1st Contact's Email" time="82.629358">
        <failure message="org.openqa.selenium.TimeoutException: Expected condition failed: waiting for element to be clickable: Proxy element for: DefaultElementLocator 'By.xpath: //button[contains(text(),'Reveal')]' (tried for 60 second(s) with 500 milliseconds interval)&#13;&#10;&#9;at org.openqa.selenium.support.ui.WebDriverWait.timeoutException(WebDriverWait.java:95)&#13;&#10;&#9;at org.openqa.selenium.support.ui.FluentWait.until(FluentWait.java:272)&#13;&#10;&#9;at org.stepdefinition.Steps.click_on_Reveal_Button(Steps.java:189)&#13;&#10;&#9;at ✽.Click on Reveal Button(file:src/test/resources/Features/TC07_Customer_Details_1st_Contact's_Email_Page.feature:9)&#13;&#10;Caused by: org.openqa.selenium.NoSuchElementException: no such element: Unable to locate element: {&quot;method&quot;:&quot;xpath&quot;,&quot;selector&quot;:&quot;//button[contains(text(),'Reveal')]&quot;}&#10;  (Session info: chrome=108.0.5359.96)&#10;For documentation on this error, please visit: https://www.seleniumhq.org/exceptions/no_such_element.html&#10;Build info: version: '3.141.59', revision: 'e82be7d358', time: '2018-11-14T08:17:03'&#10;System info: host: 'YOGESH', ip: '172.16.17.120', os.name: 'Windows 11', os.arch: 'amd64', os.version: '10.0', java.version: '18.0.1.1'&#10;Driver info: org.openqa.selenium.chrome.ChromeDriver&#10;Capabilities {acceptInsecureCerts: false, browserName: chrome, browserVersion: 108.0.5359.96, chrome: {chromedriverVersion: 108.0.5359.71 (1e0e3868ee06..., userDataDir: C:\Users\Astegic\AppData\Lo...}, goog:chromeOptions: {debuggerAddress: localhost:60101}, javascriptEnabled: true, networkConnectionEnabled: false, pageLoadStrategy: normal, platform: WINDOWS, platformName: WINDOWS, proxy: Proxy(), setWindowRect: true, strictFileInteractability: false, timeouts: {implicit: 0, pageLoad: 300000, script: 30000}, unhandledPromptBehavior: dismiss and notify, webauthn:extension:credBlob: true, webauthn:extension:largeBlob: true, webauthn:virtualAuthenticators: true}&#10;Session ID: 2fc64e2615eca6d54d375e6c93ce121c&#10;*** Element info: {Using=xpath, value=//button[contains(text(),'Reveal')]}&#13;&#10;&#9;at java.base/jdk.internal.reflect.DirectConstructorHandleAccessor.newInstance(DirectConstructorHandleAccessor.java:67)&#13;&#10;&#9;at java.base/java.lang.reflect.Constructor.newInstanceWithCaller(Constructor.java:499)&#13;&#10;&#9;at java.base/java.lang.reflect.Constructor.newInstance(Constructor.java:483)&#13;&#10;&#9;at org.openqa.selenium.remote.http.W3CHttpResponseCodec.createException(W3CHttpResponseCodec.java:187)&#13;&#10;&#9;at org.openqa.selenium.remote.http.W3CHttpResponseCodec.decode(W3CHttpResponseCodec.java:122)&#13;&#10;&#9;at org.openqa.selenium.remote.http.W3CHttpResponseCodec.decode(W3CHttpResponseCodec.java:49)&#13;&#10;&#9;at org.openqa.selenium.remote.HttpCommandExecutor.execute(HttpCommandExecutor.java:158)&#13;&#10;&#9;at org.openqa.selenium.remote.service.DriverCommandExecutor.execute(DriverCommandExecutor.java:83)&#13;&#10;&#9;at org.openqa.selenium.remote.RemoteWebDriver.execute(RemoteWebDriver.java:552)&#13;&#10;&#9;at org.openqa.selenium.remote.RemoteWebDriver.findElement(RemoteWebDriver.java:323)&#13;&#10;&#9;at org.openqa.selenium.remote.RemoteWebDriver.findElementByXPath(RemoteWebDriver.java:428)&#13;&#10;&#9;at org.openqa.selenium.By$ByXPath.findElement(By.java:353)&#13;&#10;&#9;at org.openqa.selenium.remote.RemoteWebDriver.findElement(RemoteWebDriver.java:315)&#13;&#10;&#9;at org.openqa.selenium.support.pagefactory.DefaultElementLocator.findElement(DefaultElementLocator.java:69)&#13;&#10;&#9;at org.openqa.selenium.support.pagefactory.internal.LocatingElementHandler.invoke(LocatingElementHandler.java:38)&#13;&#10;&#9;at jdk.proxy2/jdk.proxy2.$Proxy29.isDisplayed(Unknown Source)&#13;&#10;&#9;at org.openqa.selenium.support.ui.ExpectedConditions.elementIfVisible(ExpectedConditions.java:314)&#13;&#10;&#9;at org.openqa.selenium.support.ui.ExpectedConditions.access$000(ExpectedConditions.java:43)&#13;&#10;&#9;at org.openqa.selenium.support.ui.ExpectedConditions$10.apply(ExpectedConditions.java:300)&#13;&#10;&#9;at org.openqa.selenium.support.ui.ExpectedConditions$10.apply(ExpectedConditions.java:297)&#13;&#10;&#9;at org.openqa.selenium.support.ui.ExpectedConditions$23.apply(ExpectedConditions.java:670)&#13;&#10;&#9;at org.openqa.selenium.support.ui.ExpectedConditions$23.apply(ExpectedConditions.java:666)&#13;&#10;&#9;at org.openqa.selenium.support.ui.FluentWait.until(FluentWait.java:249)&#13;&#10;&#9;at org.stepdefinition.Steps.click_on_Reveal_Button(Steps.java:189)&#13;&#10;&#9;at java.base/jdk.internal.reflect.DirectMethodHandleAccessor.invoke(DirectMethodHandleAccessor.java:104)&#13;&#10;&#9;at java.base/java.lang.reflect.Method.invoke(Method.java:577)&#13;&#10;&#9;at cucumber.runtime.Utils$1.call(Utils.java:26)&#13;&#10;&#9;at cucumber.runtime.Timeout.timeout(Timeout.java:16)&#13;&#10;&#9;at cucumber.runtime.Utils.invoke(Utils.java:20)&#13;&#10;&#9;at cucumber.runtime.java.JavaStepDefinition.execute(JavaStepDefinition.java:57)&#13;&#10;&#9;at cucumber.runner.PickleStepDefinitionMatch.runStep(PickleStepDefinitionMatch.java:50)&#13;&#10;&#9;at cucumber.runner.TestStep.executeStep(TestStep.java:65)&#13;&#10;&#9;at cucumber.runner.TestStep.run(TestStep.java:50)&#13;&#10;&#9;at cucumber.runner.PickleStepTestStep.run(PickleStepTestStep.java:43)&#13;&#10;&#9;at cucumber.runner.TestCase.run(TestCase.java:46)&#13;&#10;&#9;at cucumber.runner.Runner.runPickle(Runner.java:50)&#13;&#10;&#9;at io.cucumber.testng.TestNGCucumberRunner.runScenario(TestNGCucumberRunner.java:79)&#13;&#10;&#9;at io.cucumber.testng.AbstractTestNGCucumberTests.runScenario(AbstractTestNGCucumberTests.java:24)&#13;&#10;&#9;at java.base/jdk.internal.reflect.DirectMethodHandleAccessor.invoke(DirectMethodHandleAccessor.java:104)&#13;&#10;&#9;at java.base/java.lang.reflect.Method.invoke(Method.java:577)&#13;&#10;&#9;at org.testng.internal.MethodInvocationHelper.invokeMethod(MethodInvocationHelper.java:124)&#13;&#10;&#9;at org.testng.internal.Invoker.invokeMethod(Invoker.java:583)&#13;&#10;&#9;at org.testng.internal.Invoker.invokeTestMethod(Invoker.java:719)&#13;&#10;&#9;at org.testng.internal.Invoker.invokeTestMethods(Invoker.java:989)&#13;&#10;&#9;at org.testng.internal.TestMethodWorker.invokeTestMethods(TestMethodWorker.java:125)&#13;&#10;&#9;at org.testng.internal.TestMethodWorker.run(TestMethodWorker.java:109)&#13;&#10;&#9;at org.testng.TestRunner.privateRun(TestRunner.java:648)&#13;&#10;&#9;at org.testng.TestRunner.run(TestRunner.java:505)&#13;&#10;&#9;at org.testng.SuiteRunner.runTest(SuiteRunner.java:455)&#13;&#10;&#9;at org.testng.SuiteRunner.runSequentially(SuiteRunner.java:450)&#13;&#10;&#9;at org.testng.SuiteRunner.privateRun(SuiteRunner.java:415)&#13;&#10;&#9;at org.testng.SuiteRunner.run(SuiteRunner.java:364)&#13;&#10;&#9;at org.testng.SuiteRunnerWorker.runSuite(SuiteRunnerWorker.java:52)&#13;&#10;&#9;at org.testng.SuiteRunnerWorker.run(SuiteRunnerWorker.java:84)&#13;&#10;&#9;at org.testng.TestNG.runSuitesSequentially(TestNG.java:1208)&#13;&#10;&#9;at org.testng.TestNG.runSuitesLocally(TestNG.java:1137)&#13;&#10;&#9;at org.testng.TestNG.runSuites(TestNG.java:1049)&#13;&#10;&#9;at org.testng.TestNG.run(TestNG.java:1017)&#13;&#10;&#9;at com.intellij.rt.testng.IDEARemoteTestNG.run(IDEARemoteTestNG.java:66)&#13;&#10;&#9;at com.intellij.rt.testng.RemoteTestNGStarter.main(RemoteTestNGStarter.java:109)&#13;&#10;"><![CDATA[When Click on Filter Button.................................................passed
And Click on Contacts Name Email Button.....................................passed
And Enter the 1st Contacts Email Address....................................passed
And Click on Search Button..................................................passed
And Click on Reveal Button..................................................failed
And Click on Cancel Button..................................................skipped
And Wait Till Page Load To Display Select All Data..........................skipped

StackTrace:
org.openqa.selenium.TimeoutException: Expected condition failed: waiting for element to be clickable: Proxy element for: DefaultElementLocator 'By.xpath: //button[contains(text(),'Reveal')]' (tried for 60 second(s) with 500 milliseconds interval)
	at org.openqa.selenium.support.ui.WebDriverWait.timeoutException(WebDriverWait.java:95)
	at org.openqa.selenium.support.ui.FluentWait.until(FluentWait.java:272)
	at org.stepdefinition.Steps.click_on_Reveal_Button(Steps.java:189)
	at ✽.Click on Reveal Button(file:src/test/resources/Features/TC07_Customer_Details_1st_Contact's_Email_Page.feature:9)
Caused by: org.openqa.selenium.NoSuchElementException: no such element: Unable to locate element: {"method":"xpath","selector":"//button[contains(text(),'Reveal')]"}
  (Session info: chrome=108.0.5359.96)
For documentation on this error, please visit: https://www.seleniumhq.org/exceptions/no_such_element.html
Build info: version: '3.141.59', revision: 'e82be7d358', time: '2018-11-14T08:17:03'
System info: host: 'YOGESH', ip: '172.16.17.120', os.name: 'Windows 11', os.arch: 'amd64', os.version: '10.0', java.version: '18.0.1.1'
Driver info: org.openqa.selenium.chrome.ChromeDriver
Capabilities {acceptInsecureCerts: false, browserName: chrome, browserVersion: 108.0.5359.96, chrome: {chromedriverVersion: 108.0.5359.71 (1e0e3868ee06..., userDataDir: C:\Users\Astegic\AppData\Lo...}, goog:chromeOptions: {debuggerAddress: localhost:60101}, javascriptEnabled: true, networkConnectionEnabled: false, pageLoadStrategy: normal, platform: WINDOWS, platformName: WINDOWS, proxy: Proxy(), setWindowRect: true, strictFileInteractability: false, timeouts: {implicit: 0, pageLoad: 300000, script: 30000}, unhandledPromptBehavior: dismiss and notify, webauthn:extension:credBlob: true, webauthn:extension:largeBlob: true, webauthn:virtualAuthenticators: true}
Session ID: 2fc64e2615eca6d54d375e6c93ce121c
*** Element info: {Using=xpath, value=//button[contains(text(),'Reveal')]}
	at java.base/jdk.internal.reflect.DirectConstructorHandleAccessor.newInstance(DirectConstructorHandleAccessor.java:67)
	at java.base/java.lang.reflect.Constructor.newInstanceWithCaller(Constructor.java:499)
	at java.base/java.lang.reflect.Constructor.newInstance(Constructor.java:483)
	at org.openqa.selenium.remote.http.W3CHttpResponseCodec.createException(W3CHttpResponseCodec.java:187)
	at org.openqa.selenium.remote.http.W3CHttpResponseCodec.decode(W3CHttpResponseCodec.java:122)
	at org.openqa.selenium.remote.http.W3CHttpResponseCodec.decode(W3CHttpResponseCodec.java:49)
	at org.openqa.selenium.remote.HttpCommandExecutor.execute(HttpCommandExecutor.java:158)
	at org.openqa.selenium.remote.service.DriverCommandExecutor.execute(DriverCommandExecutor.java:83)
	at org.openqa.selenium.remote.RemoteWebDriver.execute(RemoteWebDriver.java:552)
	at org.openqa.selenium.remote.RemoteWebDriver.findElement(RemoteWebDriver.java:323)
	at org.openqa.selenium.remote.RemoteWebDriver.findElementByXPath(RemoteWebDriver.java:428)
	at org.openqa.selenium.By$ByXPath.findElement(By.java:353)
	at org.openqa.selenium.remote.RemoteWebDriver.findElement(RemoteWebDriver.java:315)
	at org.openqa.selenium.support.pagefactory.DefaultElementLocator.findElement(DefaultElementLocator.java:69)
	at org.openqa.selenium.support.pagefactory.internal.LocatingElementHandler.invoke(LocatingElementHandler.java:38)
	at jdk.proxy2/jdk.proxy2.$Proxy29.isDisplayed(Unknown Source)
	at org.openqa.selenium.support.ui.ExpectedConditions.elementIfVisible(ExpectedConditions.java:314)
	at org.openqa.selenium.support.ui.ExpectedConditions.access$000(ExpectedConditions.java:43)
	at org.openqa.selenium.support.ui.ExpectedConditions$10.apply(ExpectedConditions.java:300)
	at org.openqa.selenium.support.ui.ExpectedConditions$10.apply(ExpectedConditions.java:297)
	at org.openqa.selenium.support.ui.ExpectedConditions$23.apply(ExpectedConditions.java:670)
	at org.openqa.selenium.support.ui.ExpectedConditions$23.apply(ExpectedConditions.java:666)
	at org.openqa.selenium.support.ui.FluentWait.until(FluentWait.java:249)
	at org.stepdefinition.Steps.click_on_Reveal_Button(Steps.java:189)
	at java.base/jdk.internal.reflect.DirectMethodHandleAccessor.invoke(DirectMethodHandleAccessor.java:104)
	at java.base/java.lang.reflect.Method.invoke(Method.java:577)
	at cucumber.runtime.Utils$1.call(Utils.java:26)
	at cucumber.runtime.Timeout.timeout(Timeout.java:16)
	at cucumber.runtime.Utils.invoke(Utils.java:20)
	at cucumber.runtime.java.JavaStepDefinition.execute(JavaStepDefinition.java:57)
	at cucumber.runner.PickleStepDefinitionMatch.runStep(PickleStepDefinitionMatch.java:50)
	at cucumber.runner.TestStep.executeStep(TestStep.java:65)
	at cucumber.runner.TestStep.run(TestStep.java:50)
	at cucumber.runner.PickleStepTestStep.run(PickleStepTestStep.java:43)
	at cucumber.runner.TestCase.run(TestCase.java:46)
	at cucumber.runner.Runner.runPickle(Runner.java:50)
	at io.cucumber.testng.TestNGCucumberRunner.runScenario(TestNGCucumberRunner.java:79)
	at io.cucumber.testng.AbstractTestNGCucumberTests.runScenario(AbstractTestNGCucumberTests.java:24)
	at java.base/jdk.internal.reflect.DirectMethodHandleAccessor.invoke(DirectMethodHandleAccessor.java:104)
	at java.base/java.lang.reflect.Method.invoke(Method.java:577)
	at org.testng.internal.MethodInvocationHelper.invokeMethod(MethodInvocationHelper.java:124)
	at org.testng.internal.Invoker.invokeMethod(Invoker.java:583)
	at org.testng.internal.Invoker.invokeTestMethod(Invoker.java:719)
	at org.testng.internal.Invoker.invokeTestMethods(Invoker.java:989)
	at org.testng.internal.TestMethodWorker.invokeTestMethods(TestMethodWorker.java:125)
	at org.testng.internal.TestMethodWorker.run(TestMethodWorker.java:109)
	at org.testng.TestRunner.privateRun(TestRunner.java:648)
	at org.testng.TestRunner.run(TestRunner.java:505)
	at org.testng.SuiteRunner.runTest(SuiteRunner.java:455)
	at org.testng.SuiteRunner.runSequentially(SuiteRunner.java:450)
	at org.testng.SuiteRunner.privateRun(SuiteRunner.java:415)
	at org.testng.SuiteRunner.run(SuiteRunner.java:364)
	at org.testng.SuiteRunnerWorker.runSuite(SuiteRunnerWorker.java:52)
	at org.testng.SuiteRunnerWorker.run(SuiteRunnerWorker.java:84)
	at org.testng.TestNG.runSuitesSequentially(TestNG.java:1208)
	at org.testng.TestNG.runSuitesLocally(TestNG.java:1137)
	at org.testng.TestNG.runSuites(TestNG.java:1049)
	at org.testng.TestNG.run(TestNG.java:1017)
	at com.intellij.rt.testng.IDEARemoteTestNG.run(IDEARemoteTestNG.java:66)
	at com.intellij.rt.testng.RemoteTestNGStarter.main(RemoteTestNGStarter.java:109)
]]></failure>
    </testcase>
    <testcase classname="Validate application Customer Details-Contact's Email Functionality" name="To validate application 2nd Contact's Email" time="61.070305">
        <failure message="org.openqa.selenium.TimeoutException: Expected condition failed: waiting for visibility of [[ChromeDriver: chrome on WINDOWS (2fc64e2615eca6d54d375e6c93ce121c)] -&gt; xpath: //input[@name='email']] (tried for 60 second(s) with 500 milliseconds interval)&#10;Build info: version: '3.141.59', revision: 'e82be7d358', time: '2018-11-14T08:17:03'&#10;System info: host: 'YOGESH', ip: '172.16.17.120', os.name: 'Windows 11', os.arch: 'amd64', os.version: '10.0', java.version: '18.0.1.1'&#10;Driver info: org.openqa.selenium.chrome.ChromeDriver&#10;Capabilities {acceptInsecureCerts: false, browserName: chrome, browserVersion: 108.0.5359.96, chrome: {chromedriverVersion: 108.0.5359.71 (1e0e3868ee06..., userDataDir: C:\Users\Astegic\AppData\Lo...}, goog:chromeOptions: {debuggerAddress: localhost:60101}, javascriptEnabled: true, networkConnectionEnabled: false, pageLoadStrategy: normal, platform: WINDOWS, platformName: WINDOWS, proxy: Proxy(), setWindowRect: true, strictFileInteractability: false, timeouts: {implicit: 0, pageLoad: 300000, script: 30000}, unhandledPromptBehavior: dismiss and notify, webauthn:extension:credBlob: true, webauthn:extension:largeBlob: true, webauthn:virtualAuthenticators: true}&#10;Session ID: 2fc64e2615eca6d54d375e6c93ce121c&#13;&#10;&#9;at org.openqa.selenium.support.ui.WebDriverWait.timeoutException(WebDriverWait.java:95)&#13;&#10;&#9;at org.openqa.selenium.support.ui.FluentWait.until(FluentWait.java:272)&#13;&#10;&#9;at org.stepdefinition.Steps.enter_the_nd_Contacts_Email_Address(Steps.java:256)&#13;&#10;&#9;at ✽.Enter the 2nd Contacts Email Address(file:src/test/resources/Features/TC08_Customer_Details_2nd_Contact's_Email_Page.feature:7)&#13;&#10;"><![CDATA[When Click on Filter Button.................................................passed
And Click on Contacts Name Email Button.....................................passed
And Enter the 2nd Contacts Email Address....................................failed
And Click on Search Button..................................................skipped
And Click on Reveal Button..................................................skipped
And Click on Cancel Button..................................................skipped
And Wait Till Page Load To Display Select All Data..........................skipped

StackTrace:
org.openqa.selenium.TimeoutException: Expected condition failed: waiting for visibility of [[ChromeDriver: chrome on WINDOWS (2fc64e2615eca6d54d375e6c93ce121c)] -> xpath: //input[@name='email']] (tried for 60 second(s) with 500 milliseconds interval)
Build info: version: '3.141.59', revision: 'e82be7d358', time: '2018-11-14T08:17:03'
System info: host: 'YOGESH', ip: '172.16.17.120', os.name: 'Windows 11', os.arch: 'amd64', os.version: '10.0', java.version: '18.0.1.1'
Driver info: org.openqa.selenium.chrome.ChromeDriver
Capabilities {acceptInsecureCerts: false, browserName: chrome, browserVersion: 108.0.5359.96, chrome: {chromedriverVersion: 108.0.5359.71 (1e0e3868ee06..., userDataDir: C:\Users\Astegic\AppData\Lo...}, goog:chromeOptions: {debuggerAddress: localhost:60101}, javascriptEnabled: true, networkConnectionEnabled: false, pageLoadStrategy: normal, platform: WINDOWS, platformName: WINDOWS, proxy: Proxy(), setWindowRect: true, strictFileInteractability: false, timeouts: {implicit: 0, pageLoad: 300000, script: 30000}, unhandledPromptBehavior: dismiss and notify, webauthn:extension:credBlob: true, webauthn:extension:largeBlob: true, webauthn:virtualAuthenticators: true}
Session ID: 2fc64e2615eca6d54d375e6c93ce121c
	at org.openqa.selenium.support.ui.WebDriverWait.timeoutException(WebDriverWait.java:95)
	at org.openqa.selenium.support.ui.FluentWait.until(FluentWait.java:272)
	at org.stepdefinition.Steps.enter_the_nd_Contacts_Email_Address(Steps.java:256)
	at ✽.Enter the 2nd Contacts Email Address(file:src/test/resources/Features/TC08_Customer_Details_2nd_Contact's_Email_Page.feature:7)
]]></failure>
    </testcase>
    <testcase classname="Validate application Customer Details-Job Level Functionality" name="To validate application Job Level" time="30.290811">
        <system-out><![CDATA[When Click on Filter Button.................................................passed
And Click on Job Level Button...............................................passed
And Select All Checkbox Option in Job Level.................................passed
And Click on Search Button..................................................passed
And Click on Cancel Button..................................................passed
]]></system-out>
    </testcase>
    <testcase classname="Validate application Customer Details-Job Department Functionality" name="To validate application Job Department functionality" time="15.880968">
        <system-out><![CDATA[Then I Wait for Page Load...................................................passed
When Click on Filter Button.................................................passed
And Click on Job Department Button..........................................passed
And Select All Checkbox Option in Job Department............................passed
And Click on Search Button..................................................passed
And Click on Cancel Button..................................................passed
]]></system-out>
    </testcase>
    <testcase classname="Validate application Customer Details-Job Title Functionality" name="To validate application Job Title" time="11.777125">
        <system-out><![CDATA[Then I Wait for Page Load...................................................passed
When Click on Filter Button.................................................passed
And Click on Job Title Button...............................................passed
And Click on Search Button..................................................passed
]]></system-out>
    </testcase>
    <testcase classname="Validate application Customer Details-Job Location Functionality" name="To validate application Job Location functionality" time="6.633301">
        <system-out><![CDATA[When Click on Filter Button.................................................passed
And Click on Job Location Button............................................passed
And Click on Search Button..................................................passed
And Close the Browser.......................................................passed
]]></system-out>
    </testcase>
    <testcase classname="Validate application details in LinkedIn website and Salesforce website using US Region" name="To validate application contact's Name in LinkedIn website using US Region" time="141.695085">
        <system-out><![CDATA[Given Launch the url with US Region For LinkedIn............................passed
When Click on Chrome Extensions.............................................passed
And Click on Pin From Chrome Extensions.....................................passed
And Click on RevDriver by SalesIntel........................................passed
And Switch To Frame with US Region For LinkedIn.............................passed
And Enter the UserName with US Region For LinkedIn..........................passed
And Enter the Password with US Region For LinkedIn..........................passed
And Click on Login CTA with US Region For LinkedIn..........................passed
And Click on Filter option with US Region For LinkedIn......................passed
And Click on Contacts Name Button with US Region For LinkedIn...............passed
And Enter the Firstname with US Region For LinkedIn.........................passed
And Enter the Lastname with US Region For LinkedIn..........................passed
And Click on Search Button with US Region For LinkedIn......................passed
And Click On LinkedIn Link Contact with US Region...........................passed
And Switch To LinkedIn Website..............................................passed
And Click On Sign In Link In LinkedIn Website...............................passed
And Enter the Email Address In LinkedIn Website.............................passed
And Enter the Password In LinkedIn Website..................................passed
And Click on Agree&Join Button..............................................passed
Then I Close the current window.............................................passed
And Switch To LinkedIn Website To SalesIntel Website........................passed
Then I Wait short period for Page Load......................................passed
And Switch To Frame with US Region For LinkedIn.............................passed
And Click On LinkedIn Link Contact with US Region In SalesIntel Website.....passed
And Switch To LinkedIn Website To Specific Contact Details..................passed
Then I Wait Till My Network text to be displayed............................passed
When Click on Chrome Extensions.............................................passed
And Click on Updated RevDriver by SalesIntel................................passed
Then I Wait Till Specific Contact Details to be displayed...................passed
Then I Validated Contact Details from Sales Intel Site and LinkedIn Site....passed
Then I Close the current window.............................................passed
And Switch To LinkedIn Website To SalesIntel Website........................passed
]]></system-out>
    </testcase>
    <testcase classname="Validate application Company Details as Adobe in LinkedIn website and Salesforce website using US Region" name="To validate application Company Details as Adobe in LinkedIn website using US Region" time="50.863853">
        <system-out><![CDATA[Then I Wait short period for Page Load......................................passed
And Switch To Frame with US Region For LinkedIn.............................passed
When Click on Filter option with US Region For LinkedIn.....................passed
And Click On Clear Button with US Region For LinkedIn.......................passed
And Enter the Firstname with US Region For LinkedIn.........................passed
And Enter the Lastname with US Region For LinkedIn..........................passed
And Click on Search Button with US Region For LinkedIn......................passed
And Click On LinkedIn Link Contact with US Region...........................passed
And Switch To LinkedIn Website..............................................passed
And Enter the Company name as Adobe in Search Field.........................passed
And Click On View Page with US Region In SalesIntel Website.................passed
When Click on Chrome Extensions.............................................passed
And Click on Adobe Updated RevDriver by SalesIntel..........................passed
And Switch To Frame with US Region For LinkedIn.............................passed
Then Validate Adobe Text For US Region In SalesIntel Website................passed
And Get the name From SalesIntel Website In US Region.......................passed
]]></system-out>
    </testcase>
    <testcase classname="Validate application Job Description Details as IT Head in Adobe in LinkedIn website using US Region" name="To validate application Job Description Details as IT Head in Adobe in LinkedIn website using US Region" time="33.384385">
        <system-out><![CDATA[When Switch From Frame To Webpage in Salesforce Website Using US Region.....passed
And Enter the Job Description Details as IT Head  in Search Field...........passed
And Switch To Frame with US Region For LinkedIn.............................passed
And Get the Customer name From SalesIntel Website...........................passed
And Switch From Frame To Webpage in Salesforce Website Using US Region......passed
And Enter the Company name as Adobe in Search Field.........................passed
And Click On View Page with US Region In SalesIntel Website.................passed
Then I Wait short period for Page Load......................................passed
]]></system-out>
    </testcase>
    <testcase classname="Validate application Salesforce login with US Region" name="To validate application Salesforce login with US Region" time="43.545497">
        <system-out><![CDATA[Given Open the New Tap and Launch the Salesforce Website Using US Region....passed
When Enter the Username in Salesforce Website Using US Region...............passed
And Enter the Password in Salesforce Website Using US Region................passed
And Click on Remember me checkbox in Salesforce Website Using US Region.....passed
And Click on login button after entering the credentials in Salesforce Website Using US Region.passed
]]></system-out>
    </testcase>
    <testcase classname="Validate application Export the contact using Salesforce website with US Region" name="To validate application Export the contact using Salesforce website with US Region" time="71.56095">
        <system-out><![CDATA[When Switch To LinkedIn Website.............................................passed
And Switch To Frame with US Region For LinkedIn.............................passed
And Click on Setting menu in Salesforce Website Using US Region.............passed
And Click on Salesforce Setting in Salesforce Website Using US Region.......passed
And Click on Already logged in Salesforce account in Salesforce Website Using US Region.passed
And Click on Logout in Salesforce Website Using US Region...................passed
And Click on OK in Salesforce Website Using US Region.......................passed
And Wait for Specific contact in Salesforce Website Using US Region.........passed
And Click on Setting menu in Salesforce Website Using US Region.............passed
And Click on Salesforce Setting in Salesforce Website Using US Region.......passed
And Click on Already logged in Salesforce account in Salesforce Website Using US Region.passed
And Click on Cancel in Salesforce Website Using US Region...................passed
And Click on Select the Specific check box with US Region For LinkedIn......passed
And Click on Export Button with US Region For LinkedIn......................passed
And Click on Salesforce field with US Region For LinkedIn...................passed
And Click on Export as Contact with US Region For LinkedIn..................passed
And Click on Next Button in Contact Owner optional Page with US Region For LinkedIn.passed
And Click on Next Button in Campaigns optional Page with US Region For LinkedIn.passed
And Click on Next Button in Duplicates Page with US Region For LinkedIn.....passed
And Click on Close Button in Export Succeeded Page with US Region For LinkedIn.passed
]]></system-out>
    </testcase>
    <testcase classname="Validate application Exported contact displayed in Salesforce Website with US Region" name="To validate application Exported contact displayed in Salesforce Website with US Region" time="52.859167">
        <system-out><![CDATA[When Switch To Salesforce Website...........................................passed
And Click on Leads Button in Salesforce Website Using US Region.............passed
And Click on Close Icon, If appears in Salesforce Website Using US Region...passed
And Enter the Exported data in search box in Salesforce Website Using US Region.passed
Then Validated the Exported data in Salesforce Website Using US Region......passed
When Click on Chrome Extensions.............................................passed
And Click on Salesforce Updated RevDriver by SalesIntel.....................passed
And Switch To Frame with US Region For LinkedIn.............................passed
Then Validate the Exported contact displayed in Salesforce Website..........passed
]]></system-out>
    </testcase>
    <testcase classname="Validate application Exported contact along with company details-Adobe displayed in Salesforce Website with US Region" name="To validate application Exported contact along with company details-Adobe displayed in Salesforce Website with US Region" time="10.367637">
        <system-out><![CDATA[When Switch From Frame To Webpage in Salesforce Website Using US Region.....passed
Then Validated the Company details in Salesforce Website Using US Region....passed
And Switch To Frame with US Region For LinkedIn.............................passed
Then Validated the Company details in Salesforce Rev Driver Using US Region.passed
]]></system-out>
    </testcase>
    <testcase classname="Validate application Job Description Details as IT Head is displayed in Salesforce Website with US Region" name="To validate application Job Description Details as IT Head is displayed in Salesforce Website with US Region" time="13.334184">
        <system-out><![CDATA[When Switch From Frame To Webpage in Salesforce Website Using US Region.....passed
And Enter the data as IT Head in search box in Salesforce Website Using US Region.passed
And Switch To Frame with US Region For LinkedIn.............................passed
And Get the Customer name From SalesIntel Website...........................passed
]]></system-out>
    </testcase>
    <testcase classname="Validate application Salesforce HomePage with US Region" name="To validate application Salesforce HomePage with US Region" time="23.002134">
        <system-out><![CDATA[When Switch From Frame To Webpage in Salesforce Website Using US Region.....passed
And Click on Home Button in Salesforce Website Using US Region..............passed
And Switch To Frame with US Region For LinkedIn.............................passed
Then Validate the customer name from Home page in Salesforce Website Using US Region.passed
When Switch From Frame To Webpage in Salesforce Website Using US Region.....passed
]]></system-out>
    </testcase>
    <testcase classname="Validate application Salesforce Accounts Page with US Region" name="To validate application Salesforce Accounts Page with US Region" time="30.441015">
        <system-out><![CDATA[When Click on Account Button in Salesforce Website Using US Region..........passed
And Switch To Frame with US Region For LinkedIn.............................passed
Then Validate the customer name from Account page in Salesforce Website Using US Region.passed
When Switch From Frame To Webpage in Salesforce Website Using US Region.....passed
And Click on Account Page-My Accounts Dropdown in Salesforce Website Using US Region.passed
And Switch To Frame with US Region For LinkedIn.............................passed
Then Validate the customer name from Account page-My Accounts Dropdown in Salesforce Website Using US Region.passed
When Switch From Frame To Webpage in Salesforce Website Using US Region.....passed
]]></system-out>
    </testcase>
    <testcase classname="Validate application Salesforce Contacts Page with US Region" name="To validate application Salesforce Contacts Page with US Region" time="25.58654">
        <system-out><![CDATA[When Click on Contacts Button in Salesforce Website Using US Region.........passed
And Switch To Frame with US Region For LinkedIn.............................passed
Then Validate the customer name from Contacts page in Salesforce Website Using US Region.passed
When Switch From Frame To Webpage in Salesforce Website Using US Region.....passed
And Click on Contacts Page-My Accounts Dropdown in Salesforce Website Using US Region.passed
And Switch To Frame with US Region For LinkedIn.............................passed
Then Validate the customer name from Contacts page-Recently Viewed Contacts Dropdown in Salesforce Website Using US Region.passed
When Switch From Frame To Webpage in Salesforce Website Using US Region.....passed
]]></system-out>
    </testcase>
    <testcase classname="Validate application Salesforce Leads Page with US Region" name="To validate application Salesforce Leads Page with US Region" time="25.446596">
        <system-out><![CDATA[When Click on Leads Button in Salesforce Website Using US Region............passed
And Switch To Frame with US Region For LinkedIn.............................passed
Then Validate the customer name from Leads page in Salesforce Website Using US Region.passed
When Switch From Frame To Webpage in Salesforce Website Using US Region.....passed
And Click on Leads Page-All Open Leads Dropdown in Salesforce Website Using US Region.passed
And Switch To Frame with US Region For LinkedIn.............................passed
Then Validate the customer name from Leads page-All Open Leads Dropdown in Salesforce Website Using US Region.passed
When Switch From Frame To Webpage in Salesforce Website Using US Region.....passed
]]></system-out>
    </testcase>
    <testcase classname="Validate application Salesforce Switch to Lightning Experience-HomePage with US Region" name="To validate application Salesforce Switch to Lightning Experience-HomePage with US Region" time="24.771134">
        <system-out><![CDATA[When Click on Switch to Lightning Experience Label in Salesforce Website Using US Region.passed
And Click on Switch to Lightning Experience-Home label in Salesforce Website Using US Region.passed
And Switch To Frame with US Region For LinkedIn.............................passed
Then Validate the customer name from Home page in Salesforce Website Using US Region.passed
When Switch From Frame To Webpage in Salesforce Website Using US Region.....passed
]]></system-out>
    </testcase>
    <testcase classname="Validate application Salesforce Switch to Lightning Experience-Accounts Page with US Region" name="To validate application Salesforce Switch to Lightning Experience-Accounts Page with US Region" time="43.109811">
        <system-out><![CDATA[When Click on Switch to Lightning Experience-Accounts label in Salesforce Website Using US Region.passed
And Switch To Frame with US Region For LinkedIn.............................passed
Then Validate the customer name from Accounts page in Salesforce Website Using US Region.passed
When Switch From Frame To Webpage in Salesforce Website Using US Region.....passed
And Click on Switch to Lightning Experience-My Accounts label in Salesforce Website Using US Region.passed
And Switch To Frame with US Region For LinkedIn.............................passed
Then Validate the customer name from Accounts page-My Accounts in Salesforce Website Using US Region.passed
When Switch From Frame To Webpage in Salesforce Website Using US Region.....passed
]]></system-out>
    </testcase>
    <testcase classname="Validate application Salesforce Switch to Lightning Experience-Contacts Page with US Region" name="To validate application Salesforce Switch to Lightning Experience-Contacts Page with US Region" time="27.460774">
        <system-out><![CDATA[When Click on Switch to Lightning Experience-Contacts label in Salesforce Website Using US Region.passed
And Switch To Frame with US Region For LinkedIn.............................passed
Then Validate the customer name from Contacts page in Salesforce Website Using US Region.passed
When Switch From Frame To Webpage in Salesforce Website Using US Region.....passed
And Click on Switch to Lightning Experience-Recently Viewed Contacts label in Salesforce Website Using US Region.passed
And Switch To Frame with US Region For LinkedIn.............................passed
Then Validate the customer name from Contacts page-Recently Viewed Contacts in Salesforce Website Using US Region.passed
When Switch From Frame To Webpage in Salesforce Website Using US Region.....passed
]]></system-out>
    </testcase>
    <testcase classname="Validate application Salesforce Switch to Lightning Experience-Leads Page with US Region" name="To validate application Salesforce Switch to Lightning Experience-Leads Page with US Region" time="27.667127">
        <system-out><![CDATA[When Click on Switch to Lightning Experience-Leads label in Salesforce Website Using US Region.passed
And Switch To Frame with US Region For LinkedIn.............................passed
Then Validate the customer name from Leads page in Salesforce Website Using US Region.passed
When Switch From Frame To Webpage in Salesforce Website Using US Region.....passed
And Click on Switch to Lightning Experience-All Open Leads label in Salesforce Website Using US Region.passed
And Switch To Frame with US Region For LinkedIn.............................passed
Then Validate the customer name from Leads page-All Open Leads in Salesforce Website Using US Region.passed
When Switch From Frame To Webpage in Salesforce Website Using US Region.....passed
]]></system-out>
    </testcase>
</testsuite>
