<?xml version="1.0" encoding="UTF-8"?>
<testng-results ignored="0" total="13" passed="13" failed="0" skipped="0">
  <reporter-output>
  </reporter-output>
  <suite started-at="2022-10-18T14:33:04Z" name="Default suite" finished-at="2022-10-18T14:41:49Z" duration-ms="525555">
    <groups>
      <group name="cucumber">
        <method signature="AbstractTestNGCucumberTests.runScenario(io.cucumber.testng.PickleEventWrapper, io.cucumber.testng.CucumberFeatureWrapper)[pri:0, instance:org.runner.Runner@4b41dd5c]" name="runScenario" class="io.cucumber.testng.AbstractTestNGCucumberTests"/>
      </group> <!-- cucumber -->
    </groups>
    <test started-at="2022-10-18T14:33:04Z" name="Default test" finished-at="2022-10-18T14:41:49Z" duration-ms="525555">
      <class name="org.runner.Runner">
        <test-method is-config="true" signature="setUpClass()[pri:0, instance:org.runner.Runner@4b41dd5c]" started-at="2022-10-18T14:33:04Z" name="setUpClass" finished-at="2022-10-18T14:33:04Z" duration-ms="188" status="PASS">
          <reporter-output>
          </reporter-output>
        </test-method> <!-- setUpClass -->
        <test-method signature="runScenario(io.cucumber.testng.PickleEventWrapper, io.cucumber.testng.CucumberFeatureWrapper)[pri:0, instance:org.runner.Runner@4b41dd5c]" started-at="2022-10-18T14:33:04Z" name="runScenario" description="Runs Cucumber Scenarios" data-provider="scenarios" finished-at="2022-10-18T14:34:53Z" duration-ms="109029" status="PASS">
          <params>
            <param index="0">
              <value>
                <![CDATA["To validate application contact's Name in LinkedIn website using US Region"]]>
              </value>
            </param>
            <param index="1">
              <value>
                <![CDATA["Validate application Contact's in LinkedIn website using US Region"]]>
              </value>
            </param>
          </params>
          <reporter-output>
          </reporter-output>
        </test-method> <!-- runScenario -->
        <test-method signature="runScenario(io.cucumber.testng.PickleEventWrapper, io.cucumber.testng.CucumberFeatureWrapper)[pri:0, instance:org.runner.Runner@4b41dd5c]" started-at="2022-10-18T14:34:53Z" name="runScenario" description="Runs Cucumber Scenarios" data-provider="scenarios" finished-at="2022-10-18T14:35:38Z" duration-ms="44944" status="PASS">
          <params>
            <param index="0">
              <value>
                <![CDATA["To validate application Company Details as Adobe in LinkedIn website using US Region"]]>
              </value>
            </param>
            <param index="1">
              <value>
                <![CDATA["Validate application Contact's in LinkedIn website using US Region"]]>
              </value>
            </param>
          </params>
          <reporter-output>
          </reporter-output>
        </test-method> <!-- runScenario -->
        <test-method signature="runScenario(io.cucumber.testng.PickleEventWrapper, io.cucumber.testng.CucumberFeatureWrapper)[pri:0, instance:org.runner.Runner@4b41dd5c]" started-at="2022-10-18T14:35:38Z" name="runScenario" description="Runs Cucumber Scenarios" data-provider="scenarios" finished-at="2022-10-18T14:36:13Z" duration-ms="34620" status="PASS">
          <params>
            <param index="0">
              <value>
                <![CDATA["To validate application Salesforce login with US Region"]]>
              </value>
            </param>
            <param index="1">
              <value>
                <![CDATA["Validate application Contact's in LinkedIn website using US Region"]]>
              </value>
            </param>
          </params>
          <reporter-output>
          </reporter-output>
        </test-method> <!-- runScenario -->
        <test-method signature="runScenario(io.cucumber.testng.PickleEventWrapper, io.cucumber.testng.CucumberFeatureWrapper)[pri:0, instance:org.runner.Runner@4b41dd5c]" started-at="2022-10-18T14:36:13Z" name="runScenario" description="Runs Cucumber Scenarios" data-provider="scenarios" finished-at="2022-10-18T14:37:15Z" duration-ms="62483" status="PASS">
          <params>
            <param index="0">
              <value>
                <![CDATA["To validate application Export the contact using Salesforce website with US Region"]]>
              </value>
            </param>
            <param index="1">
              <value>
                <![CDATA["Validate application Contact's in LinkedIn website using US Region"]]>
              </value>
            </param>
          </params>
          <reporter-output>
          </reporter-output>
        </test-method> <!-- runScenario -->
        <test-method signature="runScenario(io.cucumber.testng.PickleEventWrapper, io.cucumber.testng.CucumberFeatureWrapper)[pri:0, instance:org.runner.Runner@4b41dd5c]" started-at="2022-10-18T14:37:15Z" name="runScenario" description="Runs Cucumber Scenarios" data-provider="scenarios" finished-at="2022-10-18T14:38:12Z" duration-ms="56825" status="PASS">
          <params>
            <param index="0">
              <value>
                <![CDATA["To validate application Exported contact displayed in Salesforce Website with US Region"]]>
              </value>
            </param>
            <param index="1">
              <value>
                <![CDATA["Validate application Contact's in LinkedIn website using US Region"]]>
              </value>
            </param>
          </params>
          <reporter-output>
          </reporter-output>
        </test-method> <!-- runScenario -->
        <test-method signature="runScenario(io.cucumber.testng.PickleEventWrapper, io.cucumber.testng.CucumberFeatureWrapper)[pri:0, instance:org.runner.Runner@4b41dd5c]" started-at="2022-10-18T14:38:12Z" name="runScenario" description="Runs Cucumber Scenarios" data-provider="scenarios" finished-at="2022-10-18T14:38:28Z" duration-ms="16011" status="PASS">
          <params>
            <param index="0">
              <value>
                <![CDATA["To validate application Salesforce HomePage with US Region"]]>
              </value>
            </param>
            <param index="1">
              <value>
                <![CDATA["Validate application Contact's in LinkedIn website using US Region"]]>
              </value>
            </param>
          </params>
          <reporter-output>
          </reporter-output>
        </test-method> <!-- runScenario -->
        <test-method signature="runScenario(io.cucumber.testng.PickleEventWrapper, io.cucumber.testng.CucumberFeatureWrapper)[pri:0, instance:org.runner.Runner@4b41dd5c]" started-at="2022-10-18T14:38:28Z" name="runScenario" description="Runs Cucumber Scenarios" data-provider="scenarios" finished-at="2022-10-18T14:38:57Z" duration-ms="29487" status="PASS">
          <params>
            <param index="0">
              <value>
                <![CDATA["To validate application Salesforce Accounts Page with US Region"]]>
              </value>
            </param>
            <param index="1">
              <value>
                <![CDATA["Validate application Contact's in LinkedIn website using US Region"]]>
              </value>
            </param>
          </params>
          <reporter-output>
          </reporter-output>
        </test-method> <!-- runScenario -->
        <test-method signature="runScenario(io.cucumber.testng.PickleEventWrapper, io.cucumber.testng.CucumberFeatureWrapper)[pri:0, instance:org.runner.Runner@4b41dd5c]" started-at="2022-10-18T14:38:57Z" name="runScenario" description="Runs Cucumber Scenarios" data-provider="scenarios" finished-at="2022-10-18T14:39:23Z" duration-ms="25211" status="PASS">
          <params>
            <param index="0">
              <value>
                <![CDATA["To validate application Salesforce Contacts Page with US Region"]]>
              </value>
            </param>
            <param index="1">
              <value>
                <![CDATA["Validate application Contact's in LinkedIn website using US Region"]]>
              </value>
            </param>
          </params>
          <reporter-output>
          </reporter-output>
        </test-method> <!-- runScenario -->
        <test-method signature="runScenario(io.cucumber.testng.PickleEventWrapper, io.cucumber.testng.CucumberFeatureWrapper)[pri:0, instance:org.runner.Runner@4b41dd5c]" started-at="2022-10-18T14:39:23Z" name="runScenario" description="Runs Cucumber Scenarios" data-provider="scenarios" finished-at="2022-10-18T14:39:48Z" duration-ms="25267" status="PASS">
          <params>
            <param index="0">
              <value>
                <![CDATA["To validate application Salesforce Leads Page with US Region"]]>
              </value>
            </param>
            <param index="1">
              <value>
                <![CDATA["Validate application Contact's in LinkedIn website using US Region"]]>
              </value>
            </param>
          </params>
          <reporter-output>
          </reporter-output>
        </test-method> <!-- runScenario -->
        <test-method signature="runScenario(io.cucumber.testng.PickleEventWrapper, io.cucumber.testng.CucumberFeatureWrapper)[pri:0, instance:org.runner.Runner@4b41dd5c]" started-at="2022-10-18T14:39:48Z" name="runScenario" description="Runs Cucumber Scenarios" data-provider="scenarios" finished-at="2022-10-18T14:40:17Z" duration-ms="28992" status="PASS">
          <params>
            <param index="0">
              <value>
                <![CDATA["To validate application Salesforce Switch to Lightning Experience-HomePage with US Region"]]>
              </value>
            </param>
            <param index="1">
              <value>
                <![CDATA["Validate application Contact's in LinkedIn website using US Region"]]>
              </value>
            </param>
          </params>
          <reporter-output>
          </reporter-output>
        </test-method> <!-- runScenario -->
        <test-method signature="runScenario(io.cucumber.testng.PickleEventWrapper, io.cucumber.testng.CucumberFeatureWrapper)[pri:0, instance:org.runner.Runner@4b41dd5c]" started-at="2022-10-18T14:40:17Z" name="runScenario" description="Runs Cucumber Scenarios" data-provider="scenarios" finished-at="2022-10-18T14:40:54Z" duration-ms="36715" status="PASS">
          <params>
            <param index="0">
              <value>
                <![CDATA["To validate application Salesforce Switch to Lightning Experience-Accounts Page with US Region"]]>
              </value>
            </param>
            <param index="1">
              <value>
                <![CDATA["Validate application Contact's in LinkedIn website using US Region"]]>
              </value>
            </param>
          </params>
          <reporter-output>
          </reporter-output>
        </test-method> <!-- runScenario -->
        <test-method signature="runScenario(io.cucumber.testng.PickleEventWrapper, io.cucumber.testng.CucumberFeatureWrapper)[pri:0, instance:org.runner.Runner@4b41dd5c]" started-at="2022-10-18T14:40:54Z" name="runScenario" description="Runs Cucumber Scenarios" data-provider="scenarios" finished-at="2022-10-18T14:41:22Z" duration-ms="28061" status="PASS">
          <params>
            <param index="0">
              <value>
                <![CDATA["To validate application Salesforce Switch to Lightning Experience-Contacts Page with US Region"]]>
              </value>
            </param>
            <param index="1">
              <value>
                <![CDATA["Validate application Contact's in LinkedIn website using US Region"]]>
              </value>
            </param>
          </params>
          <reporter-output>
          </reporter-output>
        </test-method> <!-- runScenario -->
        <test-method signature="runScenario(io.cucumber.testng.PickleEventWrapper, io.cucumber.testng.CucumberFeatureWrapper)[pri:0, instance:org.runner.Runner@4b41dd5c]" started-at="2022-10-18T14:41:22Z" name="runScenario" description="Runs Cucumber Scenarios" data-provider="scenarios" finished-at="2022-10-18T14:41:49Z" duration-ms="27072" status="PASS">
          <params>
            <param index="0">
              <value>
                <![CDATA["To validate application Salesforce Switch to Lightning Experience-Leads Page with US Region"]]>
              </value>
            </param>
            <param index="1">
              <value>
                <![CDATA["Validate application Contact's in LinkedIn website using US Region"]]>
              </value>
            </param>
          </params>
          <reporter-output>
          </reporter-output>
        </test-method> <!-- runScenario -->
        <test-method is-config="true" signature="tearDownClass()[pri:0, instance:org.runner.Runner@4b41dd5c]" started-at="2022-10-18T14:41:49Z" name="tearDownClass" finished-at="2022-10-18T14:41:49Z" duration-ms="531" status="PASS">
          <reporter-output>
          </reporter-output>
        </test-method> <!-- tearDownClass -->
        <test-method is-config="true" signature="cucumberReportGenerate()[pri:0, instance:org.runner.Runner@4b41dd5c]" started-at="2022-10-18T14:41:49Z" name="cucumberReportGenerate" finished-at="2022-10-18T14:41:51Z" duration-ms="1846" status="PASS">
          <reporter-output>
          </reporter-output>
        </test-method> <!-- cucumberReportGenerate -->
      </class> <!-- org.runner.Runner -->
    </test> <!-- Default test -->
  </suite> <!-- Default suite -->
</testng-results>
