<?xml version="1.0" encoding="UTF-8"?>
<testng-results ignored="0" total="16" passed="16" failed="0" skipped="0">
  <reporter-output>
  </reporter-output>
  <suite started-at="2022-11-17T11:16:42Z" name="Suite" finished-at="2022-11-17T11:26:45Z" duration-ms="602453">
    <groups>
      <group name="cucumber">
        <method signature="AbstractTestNGCucumberTests.runScenario(io.cucumber.testng.PickleEventWrapper, io.cucumber.testng.CucumberFeatureWrapper)[pri:0, instance:org.runner.Runner@4b41dd5c]" name="runScenario" class="io.cucumber.testng.AbstractTestNGCucumberTests"/>
      </group> <!-- cucumber -->
    </groups>
    <test started-at="2022-11-17T11:16:42Z" name="Test" finished-at="2022-11-17T11:26:45Z" duration-ms="602453">
      <class name="org.runner.Runner">
        <test-method is-config="true" signature="setUpClass()[pri:0, instance:org.runner.Runner@4b41dd5c]" started-at="2022-11-17T11:16:42Z" name="setUpClass" finished-at="2022-11-17T11:16:42Z" duration-ms="148" status="PASS">
          <reporter-output>
          </reporter-output>
        </test-method> <!-- setUpClass -->
        <test-method signature="runScenario(io.cucumber.testng.PickleEventWrapper, io.cucumber.testng.CucumberFeatureWrapper)[pri:0, instance:org.runner.Runner@4b41dd5c]" started-at="2022-11-17T11:16:42Z" name="runScenario" description="Runs Cucumber Scenarios" data-provider="scenarios" finished-at="2022-11-17T11:18:28Z" duration-ms="106028" status="PASS">
          <params>
            <param index="0">
              <value>
                <![CDATA["To validate application contact's Name in LinkedIn website using US Region"]]>
              </value>
            </param>
            <param index="1">
              <value>
                <![CDATA["Validate application Contact's in LinkedIn website using US Region"]]>
              </value>
            </param>
          </params>
          <reporter-output>
          </reporter-output>
        </test-method> <!-- runScenario -->
        <test-method signature="runScenario(io.cucumber.testng.PickleEventWrapper, io.cucumber.testng.CucumberFeatureWrapper)[pri:0, instance:org.runner.Runner@4b41dd5c]" started-at="2022-11-17T11:18:28Z" name="runScenario" description="Runs Cucumber Scenarios" data-provider="scenarios" finished-at="2022-11-17T11:19:15Z" duration-ms="46389" status="PASS">
          <params>
            <param index="0">
              <value>
                <![CDATA["To validate application Company Details as Adobe in LinkedIn website using US Region"]]>
              </value>
            </param>
            <param index="1">
              <value>
                <![CDATA["Validate application Contact's in LinkedIn website using US Region"]]>
              </value>
            </param>
          </params>
          <reporter-output>
          </reporter-output>
        </test-method> <!-- runScenario -->
        <test-method signature="runScenario(io.cucumber.testng.PickleEventWrapper, io.cucumber.testng.CucumberFeatureWrapper)[pri:0, instance:org.runner.Runner@4b41dd5c]" started-at="2022-11-17T11:19:15Z" name="runScenario" description="Runs Cucumber Scenarios" data-provider="scenarios" finished-at="2022-11-17T11:19:46Z" duration-ms="31265" status="PASS">
          <params>
            <param index="0">
              <value>
                <![CDATA["To validate application Job Description Details as IT Head in Adobe in LinkedIn website using US Region"]]>
              </value>
            </param>
            <param index="1">
              <value>
                <![CDATA["Validate application Contact's in LinkedIn website using US Region"]]>
              </value>
            </param>
          </params>
          <reporter-output>
          </reporter-output>
        </test-method> <!-- runScenario -->
        <test-method signature="runScenario(io.cucumber.testng.PickleEventWrapper, io.cucumber.testng.CucumberFeatureWrapper)[pri:0, instance:org.runner.Runner@4b41dd5c]" started-at="2022-11-17T11:19:46Z" name="runScenario" description="Runs Cucumber Scenarios" data-provider="scenarios" finished-at="2022-11-17T11:20:19Z" duration-ms="33260" status="PASS">
          <params>
            <param index="0">
              <value>
                <![CDATA["To validate application Salesforce login with US Region"]]>
              </value>
            </param>
            <param index="1">
              <value>
                <![CDATA["Validate application Contact's in LinkedIn website using US Region"]]>
              </value>
            </param>
          </params>
          <reporter-output>
          </reporter-output>
        </test-method> <!-- runScenario -->
        <test-method signature="runScenario(io.cucumber.testng.PickleEventWrapper, io.cucumber.testng.CucumberFeatureWrapper)[pri:0, instance:org.runner.Runner@4b41dd5c]" started-at="2022-11-17T11:20:19Z" name="runScenario" description="Runs Cucumber Scenarios" data-provider="scenarios" finished-at="2022-11-17T11:21:34Z" duration-ms="74588" status="PASS">
          <params>
            <param index="0">
              <value>
                <![CDATA["To validate application Export the contact using Salesforce website with US Region"]]>
              </value>
            </param>
            <param index="1">
              <value>
                <![CDATA["Validate application Contact's in LinkedIn website using US Region"]]>
              </value>
            </param>
          </params>
          <reporter-output>
          </reporter-output>
        </test-method> <!-- runScenario -->
        <test-method signature="runScenario(io.cucumber.testng.PickleEventWrapper, io.cucumber.testng.CucumberFeatureWrapper)[pri:0, instance:org.runner.Runner@4b41dd5c]" started-at="2022-11-17T11:21:34Z" name="runScenario" description="Runs Cucumber Scenarios" data-provider="scenarios" finished-at="2022-11-17T11:22:25Z" duration-ms="50806" status="PASS">
          <params>
            <param index="0">
              <value>
                <![CDATA["To validate application Exported contact displayed in Salesforce Website with US Region"]]>
              </value>
            </param>
            <param index="1">
              <value>
                <![CDATA["Validate application Contact's in LinkedIn website using US Region"]]>
              </value>
            </param>
          </params>
          <reporter-output>
          </reporter-output>
        </test-method> <!-- runScenario -->
        <test-method signature="runScenario(io.cucumber.testng.PickleEventWrapper, io.cucumber.testng.CucumberFeatureWrapper)[pri:0, instance:org.runner.Runner@4b41dd5c]" started-at="2022-11-17T11:22:25Z" name="runScenario" description="Runs Cucumber Scenarios" data-provider="scenarios" finished-at="2022-11-17T11:22:35Z" duration-ms="10162" status="PASS">
          <params>
            <param index="0">
              <value>
                <![CDATA["To validate application Exported contact along with company details displayed in Salesforce Website with US Region"]]>
              </value>
            </param>
            <param index="1">
              <value>
                <![CDATA["Validate application Contact's in LinkedIn website using US Region"]]>
              </value>
            </param>
          </params>
          <reporter-output>
          </reporter-output>
        </test-method> <!-- runScenario -->
        <test-method signature="runScenario(io.cucumber.testng.PickleEventWrapper, io.cucumber.testng.CucumberFeatureWrapper)[pri:0, instance:org.runner.Runner@4b41dd5c]" started-at="2022-11-17T11:22:35Z" name="runScenario" description="Runs Cucumber Scenarios" data-provider="scenarios" finished-at="2022-11-17T11:22:48Z" duration-ms="12828" status="PASS">
          <params>
            <param index="0">
              <value>
                <![CDATA["To validate application Job Description Details as IT Head is displayed in Salesforce Website with US Region"]]>
              </value>
            </param>
            <param index="1">
              <value>
                <![CDATA["Validate application Contact's in LinkedIn website using US Region"]]>
              </value>
            </param>
          </params>
          <reporter-output>
          </reporter-output>
        </test-method> <!-- runScenario -->
        <test-method signature="runScenario(io.cucumber.testng.PickleEventWrapper, io.cucumber.testng.CucumberFeatureWrapper)[pri:0, instance:org.runner.Runner@4b41dd5c]" started-at="2022-11-17T11:22:48Z" name="runScenario" description="Runs Cucumber Scenarios" data-provider="scenarios" finished-at="2022-11-17T11:23:09Z" duration-ms="21540" status="PASS">
          <params>
            <param index="0">
              <value>
                <![CDATA["To validate application Salesforce HomePage with US Region"]]>
              </value>
            </param>
            <param index="1">
              <value>
                <![CDATA["Validate application Contact's in LinkedIn website using US Region"]]>
              </value>
            </param>
          </params>
          <reporter-output>
          </reporter-output>
        </test-method> <!-- runScenario -->
        <test-method signature="runScenario(io.cucumber.testng.PickleEventWrapper, io.cucumber.testng.CucumberFeatureWrapper)[pri:0, instance:org.runner.Runner@4b41dd5c]" started-at="2022-11-17T11:23:09Z" name="runScenario" description="Runs Cucumber Scenarios" data-provider="scenarios" finished-at="2022-11-17T11:23:53Z" duration-ms="43693" status="PASS">
          <params>
            <param index="0">
              <value>
                <![CDATA["To validate application Salesforce Accounts Page with US Region"]]>
              </value>
            </param>
            <param index="1">
              <value>
                <![CDATA["Validate application Contact's in LinkedIn website using US Region"]]>
              </value>
            </param>
          </params>
          <reporter-output>
          </reporter-output>
        </test-method> <!-- runScenario -->
        <test-method signature="runScenario(io.cucumber.testng.PickleEventWrapper, io.cucumber.testng.CucumberFeatureWrapper)[pri:0, instance:org.runner.Runner@4b41dd5c]" started-at="2022-11-17T11:23:53Z" name="runScenario" description="Runs Cucumber Scenarios" data-provider="scenarios" finished-at="2022-11-17T11:24:18Z" duration-ms="25638" status="PASS">
          <params>
            <param index="0">
              <value>
                <![CDATA["To validate application Salesforce Contacts Page with US Region"]]>
              </value>
            </param>
            <param index="1">
              <value>
                <![CDATA["Validate application Contact's in LinkedIn website using US Region"]]>
              </value>
            </param>
          </params>
          <reporter-output>
          </reporter-output>
        </test-method> <!-- runScenario -->
        <test-method signature="runScenario(io.cucumber.testng.PickleEventWrapper, io.cucumber.testng.CucumberFeatureWrapper)[pri:0, instance:org.runner.Runner@4b41dd5c]" started-at="2022-11-17T11:24:18Z" name="runScenario" description="Runs Cucumber Scenarios" data-provider="scenarios" finished-at="2022-11-17T11:24:43Z" duration-ms="24859" status="PASS">
          <params>
            <param index="0">
              <value>
                <![CDATA["To validate application Salesforce Leads Page with US Region"]]>
              </value>
            </param>
            <param index="1">
              <value>
                <![CDATA["Validate application Contact's in LinkedIn website using US Region"]]>
              </value>
            </param>
          </params>
          <reporter-output>
          </reporter-output>
        </test-method> <!-- runScenario -->
        <test-method signature="runScenario(io.cucumber.testng.PickleEventWrapper, io.cucumber.testng.CucumberFeatureWrapper)[pri:0, instance:org.runner.Runner@4b41dd5c]" started-at="2022-11-17T11:24:43Z" name="runScenario" description="Runs Cucumber Scenarios" data-provider="scenarios" finished-at="2022-11-17T11:25:11Z" duration-ms="27638" status="PASS">
          <params>
            <param index="0">
              <value>
                <![CDATA["To validate application Salesforce Switch to Lightning Experience-HomePage with US Region"]]>
              </value>
            </param>
            <param index="1">
              <value>
                <![CDATA["Validate application Contact's in LinkedIn website using US Region"]]>
              </value>
            </param>
          </params>
          <reporter-output>
          </reporter-output>
        </test-method> <!-- runScenario -->
        <test-method signature="runScenario(io.cucumber.testng.PickleEventWrapper, io.cucumber.testng.CucumberFeatureWrapper)[pri:0, instance:org.runner.Runner@4b41dd5c]" started-at="2022-11-17T11:25:11Z" name="runScenario" description="Runs Cucumber Scenarios" data-provider="scenarios" finished-at="2022-11-17T11:25:50Z" duration-ms="38536" status="PASS">
          <params>
            <param index="0">
              <value>
                <![CDATA["To validate application Salesforce Switch to Lightning Experience-Accounts Page with US Region"]]>
              </value>
            </param>
            <param index="1">
              <value>
                <![CDATA["Validate application Contact's in LinkedIn website using US Region"]]>
              </value>
            </param>
          </params>
          <reporter-output>
          </reporter-output>
        </test-method> <!-- runScenario -->
        <test-method signature="runScenario(io.cucumber.testng.PickleEventWrapper, io.cucumber.testng.CucumberFeatureWrapper)[pri:0, instance:org.runner.Runner@4b41dd5c]" started-at="2022-11-17T11:25:50Z" name="runScenario" description="Runs Cucumber Scenarios" data-provider="scenarios" finished-at="2022-11-17T11:26:17Z" duration-ms="27906" status="PASS">
          <params>
            <param index="0">
              <value>
                <![CDATA["To validate application Salesforce Switch to Lightning Experience-Contacts Page with US Region"]]>
              </value>
            </param>
            <param index="1">
              <value>
                <![CDATA["Validate application Contact's in LinkedIn website using US Region"]]>
              </value>
            </param>
          </params>
          <reporter-output>
          </reporter-output>
        </test-method> <!-- runScenario -->
        <test-method signature="runScenario(io.cucumber.testng.PickleEventWrapper, io.cucumber.testng.CucumberFeatureWrapper)[pri:0, instance:org.runner.Runner@4b41dd5c]" started-at="2022-11-17T11:26:17Z" name="runScenario" description="Runs Cucumber Scenarios" data-provider="scenarios" finished-at="2022-11-17T11:26:44Z" duration-ms="26865" status="PASS">
          <params>
            <param index="0">
              <value>
                <![CDATA["To validate application Salesforce Switch to Lightning Experience-Leads Page with US Region"]]>
              </value>
            </param>
            <param index="1">
              <value>
                <![CDATA["Validate application Contact's in LinkedIn website using US Region"]]>
              </value>
            </param>
          </params>
          <reporter-output>
          </reporter-output>
        </test-method> <!-- runScenario -->
        <test-method is-config="true" signature="tearDownClass()[pri:0, instance:org.runner.Runner@4b41dd5c]" started-at="2022-11-17T11:26:44Z" name="tearDownClass" finished-at="2022-11-17T11:26:45Z" duration-ms="237" status="PASS">
          <reporter-output>
          </reporter-output>
        </test-method> <!-- tearDownClass -->
        <test-method is-config="true" signature="cucumberReportGenerate()[pri:0, instance:org.runner.Runner@4b41dd5c]" started-at="2022-11-17T11:26:45Z" name="cucumberReportGenerate" finished-at="2022-11-17T11:26:45Z" duration-ms="908" status="PASS">
          <reporter-output>
          </reporter-output>
        </test-method> <!-- cucumberReportGenerate -->
      </class> <!-- org.runner.Runner -->
    </test> <!-- Test -->
  </suite> <!-- Suite -->
</testng-results>
